c:\users\workflow\desktop\clr course proj\egor_kursach-master\skursovaya\debug\vc142.pdb
c:\users\workflow\desktop\clr course proj\egor_kursach-master\skursovaya\debug\warningreason.obj
c:\users\workflow\desktop\clr course proj\egor_kursach-master\skursovaya\debug\team.obj
c:\users\workflow\desktop\clr course proj\egor_kursach-master\skursovaya\debug\player.obj
c:\users\workflow\desktop\clr course proj\egor_kursach-master\skursovaya\debug\md5.obj
c:\users\workflow\desktop\clr course proj\egor_kursach-master\skursovaya\debug\kindofsport.obj
c:\users\workflow\desktop\clr course proj\egor_kursach-master\skursovaya\debug\filedb.obj
c:\users\workflow\desktop\clr course proj\egor_kursach-master\skursovaya\debug\disqualificationreason.obj
c:\users\workflow\desktop\clr course proj\egor_kursach-master\skursovaya\debug\.netframework,version=v4.7.2.assemblyattributes.obj
c:\users\workflow\desktop\clr course proj\egor_kursach-master\skursovaya\debug\.netframework,version=v4.7.2.assemblyattributes.asm
c:\users\workflow\desktop\clr course proj\egor_kursach-master\skursovaya\debug\warning.obj
c:\users\workflow\desktop\clr course proj\egor_kursach-master\skursovaya\debug\game.obj
c:\users\workflow\desktop\clr course proj\egor_kursach-master\skursovaya\debug\disqualification.obj
c:\users\workflow\desktop\clr course proj\egor_kursach-master\debug\skursovaya.exe
c:\users\workflow\desktop\clr course proj\egor_kursach-master\debug\skursovaya.pdb
c:\users\workflow\desktop\clr course proj\egor_kursach-master\skursovaya\debug\commandshell.obj
c:\users\workflow\desktop\clr course proj\egor_kursach-master\skursovaya\debug\main.obj
c:\users\workflow\desktop\clr course proj\egor_kursach-master\skursovaya\debug\skursovaya.tlog\cl.command.1.tlog
c:\users\workflow\desktop\clr course proj\egor_kursach-master\skursovaya\debug\skursovaya.tlog\cl.read.1.tlog
c:\users\workflow\desktop\clr course proj\egor_kursach-master\skursovaya\debug\skursovaya.tlog\cl.write.1.tlog
c:\users\workflow\desktop\clr course proj\egor_kursach-master\skursovaya\debug\skursovaya.tlog\link.command.1.tlog
c:\users\workflow\desktop\clr course proj\egor_kursach-master\skursovaya\debug\skursovaya.tlog\link.read.1.tlog
c:\users\workflow\desktop\clr course proj\egor_kursach-master\skursovaya\debug\skursovaya.tlog\link.write.1.tlog
c:\users\workflow\desktop\clr course proj\egor_kursach-master\skursovaya\debug\skursovaya.tlog\metagen.read.1.tlog
c:\users\workflow\desktop\clr course proj\egor_kursach-master\skursovaya\debug\skursovaya.tlog\metagen.write.1.tlog
